open failed in redirection
cc1: fatal error: tmp_path_test1/test1.c: No such file or directory
compilation terminated.
open failed in redirection
cc1: fatal error: tmp_path_test2/test2.c: No such file or directory
compilation terminated.
Binary a.outBinary a.outDidn't find executable binary
Binary /bin/rm